Flow report for dnn
Sun Jul 14 11:03:16 2024
Quartus Prime Version 18.1.0 Build 625 09/12/2018 SJ Standard Edition


---------------------
; Table of Contents ;
---------------------
  1. Legal Notice
  2. Flow Summary
  3. Flow Settings
  4. Flow Non-Default Global Settings
  5. Flow Elapsed Time
  6. Flow OS Summary
  7. Flow Log
  8. Flow Messages
  9. Flow Suppressed Messages



----------------
; Legal Notice ;
----------------
Copyright (C) 2018  Intel Corporation. All rights reserved.
Your use of Intel Corporation's design tools, logic functions 
and other software and tools, and its AMPP partner logic 
functions, and any output files from any of the foregoing 
(including device programming or simulation files), and any 
associated documentation or information are expressly subject 
to the terms and conditions of the Intel Program License 
Subscription Agreement, the Intel Quartus Prime License Agreement,
the Intel FPGA IP License Agreement, or other applicable license
agreement, including, without limitation, that your use is for
the sole purpose of programming logic devices manufactured by
Intel and sold by Intel or its authorized distributors.  Please
refer to the applicable agreement for further details.



+-----------------------------------------------------------------------------------+
; Flow Summary                                                                      ;
+---------------------------------+-------------------------------------------------+
; Flow Status                     ; Successful - Sun Jul 14 11:02:39 2024           ;
; Quartus Prime Version           ; 18.1.0 Build 625 09/12/2018 SJ Standard Edition ;
; Revision Name                   ; dnn                                             ;
; Top-level Entity Name           ; dnn                                             ;
; Family                          ; Cyclone V                                       ;
; Device                          ; 5CSEMA5F31C6                                    ;
; Timing Models                   ; Final                                           ;
; Logic utilization (in ALMs)     ; 3,781 / 32,070 ( 12 % )                         ;
; Total registers                 ; 9770                                            ;
; Total pins                      ; 133 / 457 ( 29 % )                              ;
; Total virtual pins              ; 0                                               ;
; Total block memory bits         ; 2,911,360 / 4,065,280 ( 72 % )                  ;
; Total DSP Blocks                ; 3 / 87 ( 3 % )                                  ;
; Total HSSI RX PCSs              ; 0                                               ;
; Total HSSI PMA RX Deserializers ; 0                                               ;
; Total HSSI TX PCSs              ; 0                                               ;
; Total HSSI PMA TX Serializers   ; 0                                               ;
; Total PLLs                      ; 2 / 6 ( 33 % )                                  ;
; Total DLLs                      ; 0 / 4 ( 0 % )                                   ;
+---------------------------------+-------------------------------------------------+


+-----------------------------------------+
; Flow Settings                           ;
+-------------------+---------------------+
; Option            ; Setting             ;
+-------------------+---------------------+
; Start date & time ; 07/14/2024 10:56:39 ;
; Main task         ; Compilation         ;
; Revision Name     ; dnn                 ;
+-------------------+---------------------+


+----------------------------------------------------------------------------------------------------------------------------------------------------------+
; Flow Non-Default Global Settings                                                                                                                         ;
+-------------------------------------+--------------------------------------------------------------------+---------------+------------------+------------+
; Assignment Name                     ; Value                                                              ; Default Value ; Entity Name      ; Section Id ;
+-------------------------------------+--------------------------------------------------------------------+---------------+------------------+------------+
; COMPILER_SIGNATURE_ID               ; 1097601717432.172097979816156                                      ; --            ; --               ; --         ;
; ENABLE_SIGNALTAP                    ; On                                                                 ; --            ; --               ; --         ;
; MAX_CORE_JUNCTION_TEMP              ; 85                                                                 ; --            ; --               ; --         ;
; MIN_CORE_JUNCTION_TEMP              ; 0                                                                  ; --            ; --               ; --         ;
; MISC_FILE                           ; dnn_accel_system/synthesis/../dnn_accel_system.cmp                 ; --            ; --               ; --         ;
; MISC_FILE                           ; dnn_accel_system/synthesis/../../dnn_accel_system.qsys             ; --            ; --               ; --         ;
; PARTITION_COLOR                     ; -- (Not supported for targeted family)                             ; --            ; --               ; Top        ;
; PARTITION_FITTER_PRESERVATION_LEVEL ; -- (Not supported for targeted family)                             ; --            ; --               ; Top        ;
; PARTITION_NETLIST_TYPE              ; -- (Not supported for targeted family)                             ; --            ; --               ; Top        ;
; POWER_BOARD_THERMAL_MODEL           ; None (CONSERVATIVE)                                                ; --            ; --               ; --         ;
; POWER_PRESET_COOLING_SOLUTION       ; 23 MM HEAT SINK WITH 200 LFPM AIRFLOW                              ; --            ; --               ; --         ;
; PROJECT_OUTPUT_DIRECTORY            ; output_files                                                       ; --            ; --               ; --         ;
; SLD_FILE                            ; dnn_accel_system/synthesis/dnn_accel_system.regmap                 ; --            ; --               ; --         ;
; SLD_FILE                            ; dnn_accel_system/synthesis/dnn_accel_system.debuginfo              ; --            ; --               ; --         ;
; SLD_FILE                            ; db/stp1_auto_stripped.stp                                          ; --            ; --               ; --         ;
; SLD_INFO                            ; QSYS_NAME dnn_accel_system HAS_SOPCINFO 1 GENERATION_ID 1720979726 ; --            ; dnn_accel_system ; --         ;
; SLD_NODE_CREATOR_ID                 ; 110                                                                ; --            ; --               ; dot_acc    ;
; SLD_NODE_ENTITY_NAME                ; sld_signaltap                                                      ; --            ; --               ; dot_acc    ;
; SLD_NODE_PARAMETER_ASSIGNMENT       ; SLD_RAM_BLOCK_TYPE=AUTO                                            ; --            ; --               ; dot_acc    ;
; SLD_NODE_PARAMETER_ASSIGNMENT       ; SLD_DATA_BITS=550                                                  ; --            ; --               ; dot_acc    ;
; SLD_NODE_PARAMETER_ASSIGNMENT       ; SLD_TRIGGER_BITS=550                                               ; --            ; --               ; dot_acc    ;
; SLD_NODE_PARAMETER_ASSIGNMENT       ; SLD_STORAGE_QUALIFIER_BITS=550                                     ; --            ; --               ; dot_acc    ;
; SLD_NODE_PARAMETER_ASSIGNMENT       ; SLD_NODE_INFO=805334529                                            ; --            ; --               ; dot_acc    ;
; SLD_NODE_PARAMETER_ASSIGNMENT       ; SLD_POWER_UP_TRIGGER=0                                             ; --            ; --               ; dot_acc    ;
; SLD_NODE_PARAMETER_ASSIGNMENT       ; SLD_STORAGE_QUALIFIER_INVERSION_MASK_LENGTH=0                      ; --            ; --               ; dot_acc    ;
; SLD_NODE_PARAMETER_ASSIGNMENT       ; SLD_ATTRIBUTE_MEM_MODE=OFF                                         ; --            ; --               ; dot_acc    ;
; SLD_NODE_PARAMETER_ASSIGNMENT       ; SLD_STATE_FLOW_USE_GENERATED=0                                     ; --            ; --               ; dot_acc    ;
; SLD_NODE_PARAMETER_ASSIGNMENT       ; SLD_STATE_BITS=11                                                  ; --            ; --               ; dot_acc    ;
; SLD_NODE_PARAMETER_ASSIGNMENT       ; SLD_BUFFER_FULL_STOP=1                                             ; --            ; --               ; dot_acc    ;
; SLD_NODE_PARAMETER_ASSIGNMENT       ; SLD_CURRENT_RESOURCE_WIDTH=1                                       ; --            ; --               ; dot_acc    ;
; SLD_NODE_PARAMETER_ASSIGNMENT       ; SLD_INCREMENTAL_ROUTING=1                                          ; --            ; --               ; dot_acc    ;
; SLD_NODE_PARAMETER_ASSIGNMENT       ; SLD_TRIGGER_LEVEL=1                                                ; --            ; --               ; dot_acc    ;
; SLD_NODE_PARAMETER_ASSIGNMENT       ; SLD_TRIGGER_IN_ENABLED=0                                           ; --            ; --               ; dot_acc    ;
; SLD_NODE_PARAMETER_ASSIGNMENT       ; SLD_TRIGGER_PIPELINE=0                                             ; --            ; --               ; dot_acc    ;
; SLD_NODE_PARAMETER_ASSIGNMENT       ; SLD_COUNTER_PIPELINE=0                                             ; --            ; --               ; dot_acc    ;
; SLD_NODE_PARAMETER_ASSIGNMENT       ; SLD_ADVANCED_TRIGGER_ENTITY=sld_reserved_dnn_dot_acc_1_9d07,       ; --            ; --               ; dot_acc    ;
; SLD_NODE_PARAMETER_ASSIGNMENT       ; SLD_TRIGGER_LEVEL_PIPELINE=1                                       ; --            ; --               ; dot_acc    ;
; SLD_NODE_PARAMETER_ASSIGNMENT       ; SLD_ENABLE_ADVANCED_TRIGGER=1                                      ; --            ; --               ; dot_acc    ;
; SLD_NODE_PARAMETER_ASSIGNMENT       ; SLD_INVERSION_MASK=00000000000000000000000000                      ; --            ; --               ; dot_acc    ;
; SLD_NODE_PARAMETER_ASSIGNMENT       ; SLD_INVERSION_MASK_LENGTH=26                                       ; --            ; --               ; dot_acc    ;
; SLD_NODE_PARAMETER_ASSIGNMENT       ; SLD_SEGMENT_SIZE=4096                                              ; --            ; --               ; dot_acc    ;
; SLD_NODE_PARAMETER_ASSIGNMENT       ; SLD_SAMPLE_DEPTH=4096                                              ; --            ; --               ; dot_acc    ;
; SLD_NODE_PARAMETER_ASSIGNMENT       ; SLD_RAM_PIPELINE=1                                                 ; --            ; --               ; dot_acc    ;
; SOPCINFO_FILE                       ; dnn_accel_system/synthesis/../../dnn_accel_system.sopcinfo         ; --            ; --               ; --         ;
; SYNTHESIS_ONLY_QIP                  ; On                                                                 ; --            ; --               ; --         ;
; USE_SIGNALTAP_FILE                  ; stp1.stp                                                           ; --            ; --               ; --         ;
+-------------------------------------+--------------------------------------------------------------------+---------------+------------------+------------+


+--------------------------------------------------------------------------------------------------------------------------+
; Flow Elapsed Time                                                                                                        ;
+----------------------+--------------+-------------------------+---------------------+------------------------------------+
; Module Name          ; Elapsed Time ; Average Processors Used ; Peak Virtual Memory ; Total CPU Time (on all processors) ;
+----------------------+--------------+-------------------------+---------------------+------------------------------------+
; Analysis & Synthesis ; 00:02:16     ; 1.1                     ; 5187 MB             ; 00:01:32                           ;
; Fitter               ; 00:03:12     ; 1.4                     ; 7177 MB             ; 00:04:43                           ;
; Assembler            ; 00:00:16     ; 1.0                     ; 4984 MB             ; 00:00:09                           ;
; Timing Analyzer      ; 00:00:35     ; 2.6                     ; 5553 MB             ; 00:00:52                           ;
; Total                ; 00:06:19     ; --                      ; --                  ; 00:07:16                           ;
+----------------------+--------------+-------------------------+---------------------+------------------------------------+


+------------------------------------------------------------------------------------+
; Flow OS Summary                                                                    ;
+----------------------+------------------+------------+------------+----------------+
; Module Name          ; Machine Hostname ; OS Name    ; OS Version ; Processor type ;
+----------------------+------------------+------------+------------+----------------+
; Analysis & Synthesis ; LAPTOP-VB7D9HG7  ; Windows 10 ; 10.0       ; x86_64         ;
; Fitter               ; LAPTOP-VB7D9HG7  ; Windows 10 ; 10.0       ; x86_64         ;
; Assembler            ; LAPTOP-VB7D9HG7  ; Windows 10 ; 10.0       ; x86_64         ;
; Timing Analyzer      ; LAPTOP-VB7D9HG7  ; Windows 10 ; 10.0       ; x86_64         ;
+----------------------+------------------+------------+------------+----------------+


------------
; Flow Log ;
------------
quartus_map --read_settings_files=on --write_settings_files=off dnn -c dnn
quartus_fit --read_settings_files=off --write_settings_files=off dnn -c dnn
quartus_asm --read_settings_files=off --write_settings_files=off dnn -c dnn
quartus_sta dnn -c dnn



